[ 2016-11-08 09:20:40.5800 22332/7fe7d4e9e740 age/Wat/Main.cpp:1264 ]: Starting PassengerAgent watchdog...
[ 2016-11-08 09:20:40.5829 22335/7fcd21849740 age/Hel/Main.cpp:891 ]: Starting PassengerAgent server...
[ 2016-11-08 09:20:40.5830 22335/7fcd21849740 age/Hel/Main.cpp:234 ]: PassengerAgent server running in multi-application mode.
[ 2016-11-08 09:20:40.5838 22335/7fcd21849740 age/Hel/Main.cpp:645 ]: PassengerAgent server online, PID 22335
[ 2016-11-08 09:20:40.5875 22340/7f36d597c740 age/Log/Main.cpp:442 ]: Starting PassengerAgent logger...
[ 2016-11-08 09:20:40.5877 22340/7f36d597c740 age/Log/Main.cpp:323 ]: PassengerAgent logger online, PID 22340
App 22366 stdout: 
App 22366 stdout: 
[ 2016-11-08 09:20:46.1618 22335/7fcd2171a700 App/Implementation.cpp:287 ]: Could not spawn process for application /home/ubuntu/employees: An error occured while starting up the preloader.
  Error ID: 214ed5b3
  Error details saved to: /tmp/passenger-error-AmYI09.html
  Message from application: Specified 'mysql2' for database adapter, but the gem is not loaded. Add `gem 'mysql2'` to your Gemfile (and ensure its version is at the minimum required by ActiveRecord). (Gem::LoadError)
  /home/ubuntu/.rbenv/versions/2.3.1/lib/ruby/gems/2.3.0/gems/activerecord-4.2.6/lib/active_record/connection_adapters/connection_specification.rb:177:in `rescue in spec'
  /home/ubuntu/.rbenv/versions/2.3.1/lib/ruby/gems/2.3.0/gems/activerecord-4.2.6/lib/active_record/connection_adapters/connection_specification.rb:174:in `spec'
  /home/ubuntu/.rbenv/versions/2.3.1/lib/ruby/gems/2.3.0/gems/activerecord-4.2.6/lib/active_record/connection_handling.rb:50:in `establish_connection'
  /home/ubuntu/.rbenv/versions/2.3.1/lib/ruby/gems/2.3.0/gems/activerecord-4.2.6/lib/active_record/railtie.rb:120:in `block (2 levels) in <class:Railtie>'
  /home/ubuntu/.rbenv/versions/2.3.1/lib/ruby/gems/2.3.0/gems/activesupport-4.2.6/lib/active_support/lazy_load_hooks.rb:38:in `instance_eval'
  /home/ubuntu/.rbenv/versions/2.3.1/lib/ruby/gems/2.3.0/gems/activesupport-4.2.6/lib/active_support/lazy_load_hooks.rb:38:in `execute_hook'
  /home/ubuntu/.rbenv/versions/2.3.1/lib/ruby/gems/2.3.0/gems/activesupport-4.2.6/lib/active_support/lazy_load_hooks.rb:28:in `block in on_load'
  /home/ubuntu/.rbenv/versions/2.3.1/lib/ruby/gems/2.3.0/gems/activesupport-4.2.6/lib/active_support/lazy_load_hooks.rb:27:in `each'
  /home/ubuntu/.rbenv/versions/2.3.1/lib/ruby/gems/2.3.0/gems/activesupport-4.2.6/lib/active_support/lazy_load_hooks.rb:27:in `on_load'
  /home/ubuntu/.rbenv/versions/2.3.1/lib/ruby/gems/2.3.0/gems/activerecord-4.2.6/lib/active_record/railtie.rb:116:in `block in <class:Railtie>'
  /home/ubuntu/.rbenv/versions/2.3.1/lib/ruby/gems/2.3.0/gems/railties-4.2.6/lib/rails/initializable.rb:30:in `instance_exec'
  /home/ubuntu/.rbenv/versions/2.3.1/lib/ruby/gems/2.3.0/gems/railties-4.2.6/lib/rails/initializable.rb:30:in `run'
  /home/ubuntu/.rbenv/versions/2.3.1/lib/ruby/gems/2.3.0/gems/railties-4.2.6/lib/rails/initializable.rb:55:in `block in run_initializers'
  /home/ubuntu/.rbenv/versions/2.3.1/lib/ruby/2.3.0/tsort.rb:228:in `block in tsort_each'
  /home/ubuntu/.rbenv/versions/2.3.1/lib/ruby/2.3.0/tsort.rb:350:in `block (2 levels) in each_strongly_connected_component'
  /home/ubuntu/.rbenv/versions/2.3.1/lib/ruby/2.3.0/tsort.rb:431:in `each_strongly_connected_component_from'
  /home/ubuntu/.rbenv/versions/2.3.1/lib/ruby/2.3.0/tsort.rb:349:in `block in each_strongly_connected_component'
  /home/ubuntu/.rbenv/versions/2.3.1/lib/ruby/2.3.0/tsort.rb:347:in `each'
  /home/ubuntu/.rbenv/versions/2.3.1/lib/ruby/2.3.0/tsort.rb:347:in `call'
  /home/ubuntu/.rbenv/versions/2.3.1/lib/ruby/2.3.0/tsort.rb:347:in `each_strongly_connected_component'
  /home/ubuntu/.rbenv/versions/2.3.1/lib/ruby/2.3.0/tsort.rb:226:in `tsort_each'
  /home/ubuntu/.rbenv/versions/2.3.1/lib/ruby/2.3.0/tsort.rb:205:in `tsort_each'
  /home/ubuntu/.rbenv/versions/2.3.1/lib/ruby/gems/2.3.0/gems/railties-4.2.6/lib/rails/initializable.rb:54:in `run_initializers'
  /home/ubuntu/.rbenv/versions/2.3.1/lib/ruby/gems/2.3.0/gems/railties-4.2.6/lib/rails/application.rb:352:in `initialize!'
  /home/ubuntu/employees/config/environment.rb:5:in `<top (required)>'
  config.ru:3:in `require'
  config.ru:3:in `block in <main>'
  /home/ubuntu/.rbenv/versions/2.3.1/lib/ruby/gems/2.3.0/gems/rack-1.6.4/lib/rack/builder.rb:55:in `instance_eval'
  /home/ubuntu/.rbenv/versions/2.3.1/lib/ruby/gems/2.3.0/gems/rack-1.6.4/lib/rack/builder.rb:55:in `initialize'
  config.ru:1:in `new'
  config.ru:1:in `<main>'
  /home/ubuntu/.rbenv/versions/2.3.1/lib/ruby/gems/2.3.0/gems/passenger-5.0.7/helper-scripts/rack-preloader.rb:107:in `eval'
  /home/ubuntu/.rbenv/versions/2.3.1/lib/ruby/gems/2.3.0/gems/passenger-5.0.7/helper-scripts/rack-preloader.rb:107:in `preload_app'
  /home/ubuntu/.rbenv/versions/2.3.1/lib/ruby/gems/2.3.0/gems/passenger-5.0.7/helper-scripts/rack-preloader.rb:153:in `<module:App>'
  /home/ubuntu/.rbenv/versions/2.3.1/lib/ruby/gems/2.3.0/gems/passenger-5.0.7/helper-scripts/rack-preloader.rb:29:in `<module:PhusionPassenger>'
  /home/ubuntu/.rbenv/versions/2.3.1/lib/ruby/gems/2.3.0/gems/passenger-5.0.7/helper-scripts/rack-preloader.rb:28:in `<main>'


[ 2016-11-08 09:20:46.1651 22335/7fcd1f984700 age/Hel/Req/CheckoutSession.cpp:252 ]: [Client 1-1] Cannot checkout session because a spawning error occurred. The identifier of the error is 214ed5b3. Please see earlier logs for details about the error.

[ 2016-11-08 09:28:39.6347 22335/7fcd1f984700 age/Hel/Main.cpp:455 ]: Signal received. Gracefully shutting down... (send signal 2 more time(s) to force shutdown)
[ 2016-11-08 09:28:39.6348 22335/7fcd21849740 age/Hel/Main.cpp:814 ]: Received command to shutdown gracefully. Waiting until all clients have disconnected...
[ 2016-11-08 09:28:39.6348 22335/7fcd1f183700 Ser/Server.h:455 ]: [AdminServer] Shutdown finished
[ 2016-11-08 09:28:39.6348 22335/7fcd1f984700 Ser/Server.h:455 ]: [ServerThr.1] Shutdown finished

[ 2016-11-08 09:28:39.6349 22340/7f36d3a78700 age/Log/Main.cpp:349 ]: Signal received. Gracefully shutting down... (send signal 2 more time(s) to force shutdown)
[ 2016-11-08 09:28:39.6349 22340/7f36d597c740 age/Log/Main.cpp:411 ]: Received command to shutdown gracefully. Waiting until all clients have disconnected...
[ 2016-11-08 09:28:39.6350 22340/7f36d3a78700 Ser/Server.h:455 ]: [LoggerAdminServer] Shutdown finished
[ 2016-11-08 09:28:39.6350 22340/7f36d597c740 age/Log/Main.cpp:436 ]: PassengerAgent logger shutdown finished
[ 2016-11-08 09:28:39.6458 22335/7fcd21849740 age/Hel/Main.cpp:876 ]: PassengerAgent server shutdown finished
